\BOOKMARK [1][-]{section.1}{\376\377\000I\000n\000t\000r\000o\000d\000u\000c\000t\000i\000o\000n}{}% 1
\BOOKMARK [1][-]{section.2}{\376\377\000R\000\351\000p\000\351\000t\000i\000t\000i\000o\000n\000\040\000T\000h\000e\000a\000t\000r\000a\000l\000e}{}% 2
\BOOKMARK [2][-]{subsection.2.1}{\376\377\000R\000e\000c\000h\000e\000r\000c\000h\000e\000\040\000E\000x\000t\000e\000r\000i\000e\000u\000r\000e\000:\000\040\000T\000r\000a\000v\000a\000i\000l\000\040\000d\000u\000\040\000c\000o\000r\000p\000s}{section.2}% 3
\BOOKMARK [2][-]{subsection.2.2}{\376\377\000R\000e\000c\000h\000e\000r\000c\000h\000e\000\040\000I\000n\000t\000e\000r\000i\000e\000u\000r\000e\000:\000\040\000L\000e\000\040\000t\000r\000a\000v\000a\000i\000l\000\040\000d\000u\000\040\000p\000s\000y\000c\000h\000i\000s\000m\000e}{section.2}% 4
\BOOKMARK [1][-]{section.3}{\376\377\000R\000\351\000p\000\351\000t\000i\000t\000i\000o\000n\000\040\000T\000h\000e\000a\000t\000r\000a\000l\000e\000\040\000e\000n\000\040\000V\000R}{}% 5
\BOOKMARK [1][-]{section.4}{\376\377\000P\000r\000\351\000s\000e\000n\000c\000e\000\040\000e\000t\000\040\000i\000n\000c\000a\000r\000n\000a\000t\000i\000o\000n\000\040\000e\000n\000\040\000V\000R}{}% 6
\BOOKMARK [1][-]{section.5}{\376\377\000E\000t\000u\000d\000e\000\040\000p\000i\000l\000o\000t\000e}{}% 7
\BOOKMARK [2][-]{subsection.5.1}{\376\377\000O\000b\000j\000e\000c\000t\000i\000f\000\040\000d\000e\000\040\000l\000'\000\351\000t\000u\000d\000e}{section.5}% 8
\BOOKMARK [2][-]{subsection.5.2}{\376\377\000P\000r\000o\000t\000o\000c\000o\000l\000e}{section.5}% 9
\BOOKMARK [2][-]{subsection.5.3}{\376\377\000M\000\351\000t\000r\000i\000q\000u\000e\000s}{section.5}% 10
\BOOKMARK [2][-]{subsection.5.4}{\376\377\000C\000o\000n\000c\000l\000u\000s\000i\000o\000n\000s}{section.5}% 11
\BOOKMARK [3][-]{subsubsection.5.4.1}{\376\377\000I\000m\000m\000e\000r\000s\000i\000o\000n\000\040\000V\000R\000\040\000e\000t\000\040\000s\000e\000n\000t\000i\000m\000e\000n\000t\000\040\000d\000e\000\040\000p\000r\000\351\000s\000e\000n\000c\000e}{subsection.5.4}% 12
\BOOKMARK [3][-]{subsubsection.5.4.2}{\376\377\000C\000o\000n\000s\000t\000r\000u\000c\000t\000i\000o\000n\000\040\000e\000t\000\040\000m\000o\000d\000i\000f\000i\000c\000a\000t\000i\000o\000n\000\040\000d\000e\000\040\000s\000o\000n\000\040\000e\000n\000v\000i\000r\000o\000n\000n\000e\000m\000e\000n\000t}{subsection.5.4}% 13
\BOOKMARK [3][-]{subsubsection.5.4.3}{\376\377\000D\000u\000r\000a\000b\000i\000l\000i\000t\000\351\000\040\000d\000e\000s\000\040\000e\000f\000f\000e\000t\000s\000\040\000d\000e\000\040\000l\000'\000i\000m\000m\000e\000r\000s\000i\000o\000n}{subsection.5.4}% 14
\BOOKMARK [1][-]{section.6}{\376\377\000I\000n\000t\000\351\000g\000r\000a\000t\000i\000o\000n\000\040\000d\000e\000\040\000l\000'\000I\000A}{}% 15
\BOOKMARK [2][-]{subsection.6.1}{\376\377\000N\000a\000t\000u\000r\000e\000\040\000d\000e\000s\000\040\000o\000b\000j\000e\000t\000s\000\040\000g\000\351\000n\000\351\000r\000\351\000s}{section.6}% 16
\BOOKMARK [3][-]{subsubsection.6.1.1}{\376\377\000G\000\351\000n\000\351\000r\000a\000t\000i\000o\000n\000\040\000d\000'\000i\000m\000a\000g\000e\000s\000\040\000e\000t\000\040\000d\000e\000\040\000v\000i\000d\000\351\000o\000s\000\040\0003\0006\0000\000\040\000d\000e\000g\000r\000\351\000s}{subsection.6.1}% 17
\BOOKMARK [3][-]{subsubsection.6.1.2}{\376\377\000G\000\351\000n\000\351\000r\000a\000t\000i\000o\000n\000\040\000d\000'\000o\000b\000j\000e\000t\000s}{subsection.6.1}% 18
\BOOKMARK [3][-]{subsubsection.6.1.3}{\376\377\000G\000\351\000n\000\351\000r\000a\000t\000i\000o\000n\000\040\000d\000'\000e\000n\000v\000i\000r\000o\000n\000n\000e\000m\000e\000n\000t\000s\000\040\0003\000D}{subsection.6.1}% 19
\BOOKMARK [2][-]{subsection.6.2}{\376\377\000N\000a\000t\000u\000r\000e\000\040\000d\000e\000\040\000l\000'\000i\000n\000t\000e\000r\000v\000e\000n\000t\000i\000o\000n\000\040\000\050\000f\000a\000c\000o\000n\000\040\000d\000e\000\040\000c\000o\000m\000m\000u\000n\000i\000q\000u\000e\000r\000\040\000a\000v\000e\000c\000\040\000l\000'\000I\000A\000\051}{section.6}% 20
\BOOKMARK [3][-]{subsubsection.6.2.1}{\376\377\000A\000u\000c\000u\000n\000e\000\040\000i\000n\000t\000e\000r\000v\000e\000n\000t\000i\000o\000n\000\040\000d\000e\000\040\000l\000'\000u\000t\000i\000l\000i\000s\000a\000t\000e\000u\000r}{subsection.6.2}% 21
\BOOKMARK [3][-]{subsubsection.6.2.2}{\376\377\000P\000r\000o\000m\000p\000t\000i\000n\000g\000\040\000t\000e\000x\000t\000u\000e\000l\000/\000v\000o\000c\000a\000l}{subsection.6.2}% 22
\BOOKMARK [3][-]{subsubsection.6.2.3}{\376\377\000P\000r\000o\000m\000p\000t\000i\000n\000g\000\040\000g\000e\000s\000t\000u\000e\000l}{subsection.6.2}% 23
\BOOKMARK [2][-]{subsection.6.3}{\376\377\000N\000i\000v\000e\000a\000u\000\040\000d\000e\000\040\000l\000'\000i\000n\000t\000e\000r\000v\000e\000n\000t\000i\000o\000n\000\040\000\050\000p\000e\000r\000s\000o\000n\000n\000a\000l\000i\000t\000\351\000\040\000d\000e\000\040\000l\000'\000I\000A\000\051}{section.6}% 24
\BOOKMARK [3][-]{subsubsection.6.3.1}{\376\377\000I\000A\000\040\000p\000r\000o\000m\000p\000t\000\351\000e\000\040\000o\000u\000\040\000i\000n\000d\000\351\000p\000e\000n\000d\000a\000n\000t\000e}{subsection.6.3}% 25
\BOOKMARK [3][-]{subsubsection.6.3.2}{\376\377\000I\000A\000\040\000i\000n\000c\000r\000\351\000m\000e\000n\000t\000a\000l\000e\000\040\000o\000u\000\040\000i\000n\000s\000t\000a\000n\000t\000a\000n\000\351\000e}{subsection.6.3}% 26
\BOOKMARK [3][-]{subsubsection.6.3.3}{\376\377\000P\000l\000e\000a\000s\000i\000n\000g\000\040\000o\000r\000\040\000p\000r\000o\000v\000o\000k\000i\000n\000g\000\040\000A\000I}{subsection.6.3}% 27
\BOOKMARK [1][-]{section.7}{\376\377\000B\000i\000b\000l\000i\000o\000g\000r\000a\000p\000h\000i\000e}{}% 28
